{"time":"2025-08-19T02:41:55.457Z","operation":"更新故障码","description":"更新故障码: 0X70CD","user_id":1,"username":"admin","status":"success","ip":"","user_agent":"","details":{"errorCodeId":487,"oldData":{"code":"0X70CD","subsystem":"1","category":"软件"},"newData":{"code":"0X70CD","subsystem":"1","category":"软件"}}}
{"time":"2025-08-19T02:43:55.578Z","operation":"更新故障码","description":"更新故障码: 0X70CE","user_id":1,"username":"admin","status":"success","ip":"","user_agent":"","details":{"errorCodeId":795,"oldData":{"code":"0X70CE","subsystem":"8","category":"日志记录"},"newData":{"code":"0X70CE","subsystem":"8","category":"日志记录"}}}
{"time":"2025-08-19T02:44:09.352Z","operation":"更新故障码","description":"更新故障码: 0X70CE","user_id":1,"username":"admin","status":"success","ip":"","user_agent":"","details":{"errorCodeId":565,"oldData":{"code":"0X70CE","subsystem":"1","category":"日志记录"},"newData":{"code":"0X70CE","subsystem":"1","category":"日志记录"}}}
{"time":"2025-08-19T02:44:23.626Z","operation":"更新故障码","description":"更新故障码: 0X70CE","user_id":1,"username":"admin","status":"success","ip":"","user_agent":"","details":{"errorCodeId":795,"oldData":{"code":"0X70CE","subsystem":"8","category":"日志记录"},"newData":{"code":"0X70CE","subsystem":"8","category":"日志记录"}}}
{"time":"2025-08-19T02:50:46.545Z","operation":"更新故障码","description":"更新故障码: 0X551E","user_id":1,"username":"admin","status":"success","ip":"","user_agent":"","details":{"errorCodeId":543,"oldData":{"code":"0X551E","subsystem":"1","category":"日志记录"},"newData":{"code":"0X551E","subsystem":"1","category":"日志记录"}}}
{"time":"2025-08-19T03:13:41.282Z","operation":"更新故障码","description":"更新故障码: 0X55CE","user_id":1,"username":"admin","status":"success","ip":"","user_agent":"","details":{"errorCodeId":809,"oldData":{"code":"0x55CE","subsystem":"1","category":"日志记录"},"newData":{"code":"0X55CE","subsystem":"1","category":"日志记录"}}}
{"time":"2025-08-19T03:15:31.575Z","operation":"更新故障码","description":"更新故障码: 0X571E","user_id":1,"username":"admin","status":"success","ip":"","user_agent":"","details":{"errorCodeId":552,"oldData":{"code":"0X571E","subsystem":"1","category":"日志记录"},"newData":{"code":"0X571E","subsystem":"1","category":"日志记录"}}}
{"time":"2025-08-19T03:42:30.753Z","operation":"更新故障码","description":"更新故障码: 0X551E","user_id":1,"username":"admin","status":"success","ip":"","user_agent":"","details":{"errorCodeId":543,"oldData":{"code":"0X551E","subsystem":"1","category":"日志记录"},"newData":{"code":"0X551E","subsystem":"1","category":"日志记录"}}}
{"time":"2025-08-19T03:42:46.414Z","operation":"更新故障码","description":"更新故障码: 0X550E","user_id":1,"username":"admin","status":"success","ip":"","user_agent":"","details":{"errorCodeId":542,"oldData":{"code":"0X550E","subsystem":"1","category":"日志记录"},"newData":{"code":"0X550E","subsystem":"1","category":"日志记录"}}}
{"time":"2025-08-19T03:52:52.759Z","operation":"更新故障码","description":"更新故障码: 0X572E","user_id":1,"username":"admin","status":"success","ip":"","user_agent":"","details":{"errorCodeId":553,"oldData":{"code":"0X572E","subsystem":"1","category":"日志记录"},"newData":{"code":"0X572E","subsystem":"1","category":"日志记录"}}}
{"time":"2025-08-19T03:54:49.655Z","operation":"CSV批量导入多语言故障码","description":"CSV批量导入 659 条多语言故障码内容","user_id":1,"username":"admin","status":"success","ip":"","user_agent":"","details":{"totalCount":659,"successCount":659,"errorCount":0,"errors":[]}}
{"time":"2025-08-19T03:54:59.776Z","operation":"CSV批量导入多语言故障码","description":"CSV批量导入 659 条多语言故障码内容","user_id":1,"username":"admin","status":"success","ip":"","user_agent":"","details":{"totalCount":659,"successCount":659,"errorCount":0,"errors":[]}}
{"time":"2025-08-19T03:55:09.134Z","operation":"CSV批量导入多语言故障码","description":"CSV批量导入 661 条多语言故障码内容","user_id":1,"username":"admin","status":"success","ip":"","user_agent":"","details":{"totalCount":661,"successCount":661,"errorCount":0,"errors":[]}}
{"time":"2025-08-19T03:55:21.857Z","operation":"CSV批量导入多语言故障码","description":"CSV批量导入 660 条多语言故障码内容","user_id":1,"username":"admin","status":"success","ip":"","user_agent":"","details":{"totalCount":660,"successCount":660,"errorCount":0,"errors":[]}}
{"time":"2025-08-19T03:55:32.252Z","operation":"CSV批量导入多语言故障码","description":"CSV批量导入 659 条多语言故障码内容","user_id":1,"username":"admin","status":"success","ip":"","user_agent":"","details":{"totalCount":659,"successCount":659,"errorCount":0,"errors":[]}}
{"time":"2025-08-19T03:55:40.765Z","operation":"CSV批量导入多语言故障码","description":"CSV批量导入 660 条多语言故障码内容","user_id":1,"username":"admin","status":"success","ip":"","user_agent":"","details":{"totalCount":660,"successCount":660,"errorCount":0,"errors":[]}}
{"time":"2025-08-19T03:55:59.135Z","operation":"CSV批量导入多语言故障码","description":"CSV批量导入 655 条多语言故障码内容","user_id":1,"username":"admin","status":"success","ip":"","user_agent":"","details":{"totalCount":655,"successCount":655,"errorCount":0,"errors":[]}}
{"time":"2025-08-19T03:57:02.744Z","operation":"CSV批量导入多语言故障码","description":"CSV批量导入 655 条多语言故障码内容","user_id":1,"username":"admin","status":"success","ip":"","user_agent":"","details":{"totalCount":655,"successCount":655,"errorCount":0,"errors":[]}}
{"time":"2025-08-19T04:45:02.983Z","operation":"CSV批量导入多语言故障码","description":"CSV批量导入 661 条多语言故障码内容","user_id":1,"username":"admin","status":"success","ip":"","user_agent":"","details":{"totalCount":661,"successCount":661,"errorCount":0,"errors":[]}}
{"time":"2025-08-19T04:47:11.153Z","operation":"CSV批量导入多语言故障码","description":"CSV批量导入 660 条多语言故障码内容","user_id":1,"username":"admin","status":"success","ip":"","user_agent":"","details":{"totalCount":660,"successCount":660,"errorCount":0,"errors":[]}}
{"time":"2025-08-19T05:14:06.235Z","operation":"多语言XML导出","description":"导出故障码多语言XML文件 (语言: zh, fr, de, en, it, es, pt, nl, sk, ro, da)","user_id":3,"username":"user1","status":"success","ip":"","user_agent":"","details":{"languages":["zh","fr","de","en","it","es","pt","nl","sk","ro","da"],"exportCount":925}}
