{"time":"2025-08-22T05:02:36.343Z","operation":"更新故障码","description":"更新故障码: 0X490E","user_id":1,"username":"admin","status":"success","ip":"","user_agent":"","details":{"errorCodeId":4,"oldData":{"code":"0X490E","subsystem":"1","category":"日志记录"},"newData":{"code":"0X490E","subsystem":"1","category":"日志记录"}}}
{"time":"2025-08-22T05:03:58.638Z","operation":"新增故障码","description":"新增故障码: 0X310E","user_id":1,"username":"admin","status":"success","ip":"","user_agent":"","details":{"errorCodeId":931,"code":"0X310E","subsystem":"8"}}
{"time":"2025-08-22T05:18:03.892Z","operation":"新增故障码","description":"新增故障码: 0X406E","user_id":1,"username":"admin","status":"success","ip":"","user_agent":"","details":{"errorCodeId":932,"code":"0X406E","subsystem":"1"}}
{"time":"2025-08-22T05:23:56.635Z","operation":"新增故障码","description":"新增故障码: 0X601A","user_id":1,"username":"admin","status":"success","ip":"","user_agent":"","details":{"errorCodeId":933,"code":"0X601A","subsystem":"1"}}
{"time":"2025-08-22T05:25:19.442Z","operation":"新增故障码","description":"新增故障码: 0X572E","user_id":1,"username":"admin","status":"success","ip":"","user_agent":"","details":{"errorCodeId":934,"code":"0X572E","subsystem":"8"}}
{"time":"2025-08-22T09:25:55.873Z","operation":"新增故障码","description":"新增故障码: 0X418E","user_id":1,"username":"admin","status":"success","ip":"","user_agent":"","details":{"errorCodeId":938,"code":"0X418E","subsystem":"1"}}
{"time":"2025-08-22T09:25:55.878Z","operation":"新增故障码","description":"新增故障码: 0X418E","user_id":1,"username":"admin","status":"success","ip":"","user_agent":"","details":{"errorCodeId":939,"code":"0X418E","subsystem":"8"}}
{"time":"2025-08-22T09:26:48.676Z","operation":"更新故障码","description":"更新故障码: 0X418E","user_id":1,"username":"admin","status":"success","ip":"","user_agent":"","details":{"errorCodeId":938,"oldData":{"code":"0X418E","subsystem":"1","category":"日志记录"},"newData":{"code":"0X418E","subsystem":"1","category":"日志记录"}}}
{"time":"2025-08-22T09:26:49.355Z","operation":"更新故障码","description":"更新故障码: 0X418E","user_id":1,"username":"admin","status":"success","ip":"","user_agent":"","details":{"errorCodeId":939,"oldData":{"code":"0X418E","subsystem":"8","category":"日志记录"},"newData":{"code":"0X418E","subsystem":"8","category":"日志记录"}}}
{"time":"2025-08-22T09:28:34.854Z","operation":"新增故障码","description":"新增故障码: 0X419E","user_id":1,"username":"admin","status":"success","ip":"","user_agent":"","details":{"errorCodeId":940,"code":"0X419E","subsystem":"1"}}
{"time":"2025-08-22T09:28:34.861Z","operation":"新增故障码","description":"新增故障码: 0X419E","user_id":1,"username":"admin","status":"success","ip":"","user_agent":"","details":{"errorCodeId":941,"code":"0X419E","subsystem":"8"}}
{"time":"2025-08-22T09:28:40.740Z","operation":"更新故障码","description":"更新故障码: 0X418E","user_id":1,"username":"admin","status":"success","ip":"","user_agent":"","details":{"errorCodeId":938,"oldData":{"code":"0X418E","subsystem":"1","category":"日志记录"},"newData":{"code":"0X418E","subsystem":"1","category":"日志记录"}}}
{"time":"2025-08-22T09:29:00.287Z","operation":"更新故障码","description":"更新故障码: 0X418E","user_id":1,"username":"admin","status":"success","ip":"","user_agent":"","details":{"errorCodeId":938,"oldData":{"code":"0X418E","subsystem":"1","category":"日志记录"},"newData":{"code":"0X418E","subsystem":"1","category":"日志记录"}}}
{"time":"2025-08-22T09:29:00.925Z","operation":"更新故障码","description":"更新故障码: 0X418E","user_id":1,"username":"admin","status":"success","ip":"","user_agent":"","details":{"errorCodeId":939,"oldData":{"code":"0X418E","subsystem":"8","category":"日志记录"},"newData":{"code":"0X418E","subsystem":"8","category":"日志记录"}}}
{"time":"2025-08-22T09:29:15.024Z","operation":"更新故障码","description":"更新故障码: 0X010A","user_id":1,"username":"admin","status":"success","ip":"","user_agent":"","details":{"errorCodeId":1,"oldData":{"code":"0X010A","subsystem":"3","category":"硬件"},"newData":{"code":"0X010A","subsystem":"3","category":"硬件"}}}
{"time":"2025-08-22T09:29:15.690Z","operation":"更新故障码","description":"更新故障码: 0X010A","user_id":1,"username":"admin","status":"success","ip":"","user_agent":"","details":{"errorCodeId":2,"oldData":{"code":"0X010A","subsystem":"9","category":"硬件"},"newData":{"code":"0X010A","subsystem":"9","category":"硬件"}}}
{"time":"2025-08-22T09:29:27.121Z","operation":"更新故障码","description":"更新故障码: 0X010A","user_id":1,"username":"admin","status":"success","ip":"","user_agent":"","details":{"errorCodeId":1,"oldData":{"code":"0X010A","subsystem":"3","category":"硬件"},"newData":{"code":"0X010A","subsystem":"3","category":"硬件"}}}
{"time":"2025-08-22T09:29:49.385Z","operation":"更新故障码","description":"更新故障码: 0X552E","user_id":1,"username":"admin","status":"success","ip":"","user_agent":"","details":{"errorCodeId":544,"oldData":{"code":"0X552E","subsystem":"1","category":"日志记录"},"newData":{"code":"0X552E","subsystem":"1","category":"日志记录"}}}
{"time":"2025-08-22T09:29:50.049Z","operation":"新增故障码","description":"新增故障码: 0X552E","user_id":1,"username":"admin","status":"success","ip":"","user_agent":"","details":{"errorCodeId":942,"code":"0X552E","subsystem":"8"}}
{"time":"2025-08-22T09:31:52.300Z","operation":"更新故障码","description":"更新故障码: 0X704E","user_id":1,"username":"admin","status":"success","ip":"","user_agent":"","details":{"errorCodeId":558,"oldData":{"code":"0X704E","subsystem":"1","category":"日志记录"},"newData":{"code":"0X704E","subsystem":"1","category":"日志记录"}}}
{"time":"2025-08-22T09:31:52.542Z","operation":"新增故障码","description":"新增故障码: 0X704E","user_id":1,"username":"admin","status":"success","ip":"","user_agent":"","details":{"errorCodeId":943,"code":"0X704E","subsystem":"8"}}
{"time":"2025-08-22T09:33:19.876Z","operation":"更新故障码","description":"更新故障码: 0X700E","user_id":1,"username":"admin","status":"success","ip":"","user_agent":"","details":{"errorCodeId":554,"oldData":{"code":"0X700E","subsystem":"1","category":"日志记录"},"newData":{"code":"0X700E","subsystem":"1","category":"日志记录"}}}
{"time":"2025-08-22T09:33:20.534Z","operation":"新增故障码","description":"新增故障码: 0X700E","user_id":1,"username":"admin","status":"success","ip":"","user_agent":"","details":{"errorCodeId":944,"code":"0X700E","subsystem":"8"}}
{"time":"2025-08-22T09:33:23.556Z","operation":"删除故障码","description":"删除故障码: 0X700E","user_id":1,"username":"admin","status":"success","ip":"","user_agent":"","details":{"errorCodeId":"944","deletedData":{"code":"0X700E","subsystem":"8","category":"日志记录"}}}
{"time":"2025-08-22T09:33:29.348Z","operation":"更新故障码","description":"更新故障码: 0X700E","user_id":1,"username":"admin","status":"success","ip":"","user_agent":"","details":{"errorCodeId":554,"oldData":{"code":"0X700E","subsystem":"1","category":"日志记录"},"newData":{"code":"0X700E","subsystem":"1","category":"日志记录"}}}
{"time":"2025-08-22T09:33:30.015Z","operation":"新增故障码","description":"新增故障码: 0X700E","user_id":1,"username":"admin","status":"success","ip":"","user_agent":"","details":{"errorCodeId":945,"code":"0X700E","subsystem":"8"}}
{"time":"2025-08-22T09:33:37.785Z","operation":"更新故障码","description":"更新故障码: 0X701E","user_id":1,"username":"admin","status":"success","ip":"","user_agent":"","details":{"errorCodeId":555,"oldData":{"code":"0X701E","subsystem":"1","category":"日志记录"},"newData":{"code":"0X701E","subsystem":"1","category":"日志记录"}}}
{"time":"2025-08-22T09:33:38.480Z","operation":"新增故障码","description":"新增故障码: 0X701E","user_id":1,"username":"admin","status":"success","ip":"","user_agent":"","details":{"errorCodeId":946,"code":"0X701E","subsystem":"8"}}
{"time":"2025-08-22T09:33:46.848Z","operation":"更新故障码","description":"更新故障码: 0X707E","user_id":1,"username":"admin","status":"success","ip":"","user_agent":"","details":{"errorCodeId":561,"oldData":{"code":"0X707E","subsystem":"1","category":"日志记录"},"newData":{"code":"0X707E","subsystem":"1","category":"日志记录"}}}
{"time":"2025-08-22T09:33:52.512Z","operation":"更新故障码","description":"更新故障码: 0X707E","user_id":1,"username":"admin","status":"success","ip":"","user_agent":"","details":{"errorCodeId":561,"oldData":{"code":"0X707E","subsystem":"1","category":"日志记录"},"newData":{"code":"0X707E","subsystem":"1","category":"日志记录"}}}
{"time":"2025-08-22T09:33:52.762Z","operation":"新增故障码","description":"新增故障码: 0X707E","user_id":1,"username":"admin","status":"success","ip":"","user_agent":"","details":{"errorCodeId":947,"code":"0X707E","subsystem":"8"}}
{"time":"2025-08-22T09:34:14.556Z","operation":"更新故障码","description":"更新故障码: 0X702E","user_id":1,"username":"admin","status":"success","ip":"","user_agent":"","details":{"errorCodeId":556,"oldData":{"code":"0X702E","subsystem":"1","category":"日志记录"},"newData":{"code":"0X702E","subsystem":"1","category":"日志记录"}}}
{"time":"2025-08-22T09:34:15.242Z","operation":"新增故障码","description":"新增故障码: 0X702E","user_id":1,"username":"admin","status":"success","ip":"","user_agent":"","details":{"errorCodeId":948,"code":"0X702E","subsystem":"8"}}
{"time":"2025-08-22T09:34:25.516Z","operation":"更新故障码","description":"更新故障码: 0X705E","user_id":1,"username":"admin","status":"success","ip":"","user_agent":"","details":{"errorCodeId":559,"oldData":{"code":"0X705E","subsystem":"1","category":"日志记录"},"newData":{"code":"0X705E","subsystem":"1","category":"日志记录"}}}
{"time":"2025-08-22T09:34:26.157Z","operation":"新增故障码","description":"新增故障码: 0X705E","user_id":1,"username":"admin","status":"success","ip":"","user_agent":"","details":{"errorCodeId":949,"code":"0X705E","subsystem":"8"}}
{"time":"2025-08-22T09:34:33.863Z","operation":"更新故障码","description":"更新故障码: 0X706E","user_id":1,"username":"admin","status":"success","ip":"","user_agent":"","details":{"errorCodeId":560,"oldData":{"code":"0X706E","subsystem":"1","category":"日志记录"},"newData":{"code":"0X706E","subsystem":"1","category":"日志记录"}}}
{"time":"2025-08-22T09:34:34.130Z","operation":"新增故障码","description":"新增故障码: 0X706E","user_id":1,"username":"admin","status":"success","ip":"","user_agent":"","details":{"errorCodeId":950,"code":"0X706E","subsystem":"8"}}
{"time":"2025-08-22T09:34:57.139Z","operation":"更新故障码","description":"更新故障码: 0X092E","user_id":1,"username":"admin","status":"success","ip":"","user_agent":"","details":{"errorCodeId":592,"oldData":{"code":"0X092E","subsystem":"1","category":"日志记录"},"newData":{"code":"0X092E","subsystem":"1","category":"日志记录"}}}
{"time":"2025-08-22T09:34:57.418Z","operation":"新增故障码","description":"新增故障码: 0X092E","user_id":1,"username":"admin","status":"success","ip":"","user_agent":"","details":{"errorCodeId":951,"code":"0X092E","subsystem":"8"}}
{"time":"2025-08-22T09:45:26.191Z","operation":"新增故障码","description":"新增故障码: 0X407E","user_id":1,"username":"admin","status":"success","ip":"","user_agent":"","details":{"errorCodeId":953,"code":"0X407E","subsystem":"8"}}
{"time":"2025-08-22T09:45:26.188Z","operation":"新增故障码","description":"新增故障码: 0X407E","user_id":1,"username":"admin","status":"success","ip":"","user_agent":"","details":{"errorCodeId":952,"code":"0X407E","subsystem":"1"}}
